Using pre-set license
Built from '2020.3/staging' branch; Version is '2020.3.9f1 (108be757e447) revision 1084391'; Using compiler version '192528614'; Build Type 'Release'
OS: 'Windows 10 Home; OS build 19043.1165; Version 2009; 64bit' Language: 'en' Physical Memory: 16267 MB
BatchMode: 1, IsHumanControllingUs: 0, StartBugReporterOnCrash: 0, Is64bit: 1, IsPro: 0

 COMMAND LINE ARGUMENTS:
C:\Program Files\Unity\Hub\Editor\2020.3.9f1\Editor\Unity.exe
-adb2
-batchMode
-noUpm
-name
AssetImportWorker0
-projectPath
C:/Users/dawoo/Desktop/Unity Projects/ShaderCreation
-logFile
Logs/AssetImportWorker0.log
-srvPort
50279
Successfully changed project path to: C:/Users/dawoo/Desktop/Unity Projects/ShaderCreation
C:/Users/dawoo/Desktop/Unity Projects/ShaderCreation
Using Asset Import Pipeline V2.
Refreshing native plugins compatible for Editor in 33.41 ms, found 0 plugins.
Preloading 0 native plugins for Editor in 0.00 ms.
Initialize engine version: 2020.3.9f1 (108be757e447)
[Subsystems] Discovering subsystems at path C:/Program Files/Unity/Hub/Editor/2020.3.9f1/Editor/Data/Resources/UnitySubsystems
[Subsystems] Discovering subsystems at path C:/Users/dawoo/Desktop/Unity Projects/ShaderCreation/Assets
GfxDevice: creating device client; threaded=0
Direct3D:
    Version:  Direct3D 11.0 [level 11.1]
    Renderer: NVIDIA GeForce GTX 1060 (ID=0x1c20)
    Vendor:   
    VRAM:     6052 MB
    Driver:   30.0.14.7168
Initialize mono
Mono path[0] = 'C:/Program Files/Unity/Hub/Editor/2020.3.9f1/Editor/Data/Managed'
Mono path[1] = 'C:/Program Files/Unity/Hub/Editor/2020.3.9f1/Editor/Data/MonoBleedingEdge/lib/mono/unityjit'
Mono config path = 'C:/Program Files/Unity/Hub/Editor/2020.3.9f1/Editor/Data/MonoBleedingEdge/etc'
Using monoOptions --debugger-agent=transport=dt_socket,embedding=1,server=y,suspend=n,address=127.0.0.1:56928
Begin MonoManager ReloadAssembly
Registering precompiled unity dll's ...
Register platform support module: C:/Program Files/Unity/Hub/Editor/2020.3.9f1/Editor/Data/PlaybackEngines/WebGLSupport/UnityEditor.WebGL.Extensions.dll
Register platform support module: C:/Program Files/Unity/Hub/Editor/2020.3.9f1/Editor/Data/PlaybackEngines/WindowsStandaloneSupport/UnityEditor.WindowsStandalone.Extensions.dll
Registered in 0.003336 seconds.
Native extension for WindowsStandalone target not found
Native extension for WebGL target not found
Refreshing native plugins compatible for Editor in 30.88 ms, found 0 plugins.
Preloading 0 native plugins for Editor in 0.00 ms.
Mono: successfully reloaded assembly
- Completed reload, in  2.957 seconds
Platform modules already initialized, skipping
Registering precompiled user dll's ...
Registered in 0.001009 seconds.
Begin MonoManager ReloadAssembly
Native extension for WindowsStandalone target not found
Native extension for WebGL target not found
Refreshing native plugins compatible for Editor in 0.23 ms, found 0 plugins.
Preloading 0 native plugins for Editor in 0.00 ms.
Mono: successfully reloaded assembly
- Completed reload, in  1.177 seconds
Platform modules already initialized, skipping
========================================================================
Worker process is ready to serve import requests
Launched and connected shader compiler UnityShaderCompiler.exe after 0.06 seconds
Refreshing native plugins compatible for Editor in 0.38 ms, found 0 plugins.
Preloading 0 native plugins for Editor in 0.00 ms.
Unloading 1117 Unused Serialized files (Serialized files now loaded: 0)
System memory in use before: 57.6 MB.
System memory in use after: 57.6 MB.

Unloading 10 unused Assets to reduce memory usage. Loaded Objects now: 1561.
Total: 2.171600 ms (FindLiveObjects: 0.206700 ms CreateObjectMapping: 0.041100 ms MarkObjects: 1.825000 ms  DeleteObjects: 0.096700 ms)

========================================================================
Received Import Request.
  path: Assets/Fade_WithoutTexture.mat
  artifactKey: Guid(7a66de641093dc94c8fd224d1b6c0a03) Importer(815301076,1909f56bfc062723c751e8b465ee728b)
Start importing Assets/Fade_WithoutTexture.mat using Guid(7a66de641093dc94c8fd224d1b6c0a03) Importer(815301076,1909f56bfc062723c751e8b465ee728b)  -> (artifact id: '3f8a6e6abe7329b8fec54923c085e8fa') in 0.157607 seconds
  Import took 0.160221 seconds .

========================================================================
Received Import Request.
  Time since last request: 9.576986 seconds.
  path: Assets/Fade_WithoutTexture.mat
  artifactKey: Guid(7a66de641093dc94c8fd224d1b6c0a03) Importer(815301076,1909f56bfc062723c751e8b465ee728b)
Start importing Assets/Fade_WithoutTexture.mat using Guid(7a66de641093dc94c8fd224d1b6c0a03) Importer(815301076,1909f56bfc062723c751e8b465ee728b)  -> (artifact id: 'b1026279948ce1952cae23dd40544095') in 0.015153 seconds
  Import took 0.017539 seconds .

========================================================================
Received Prepare
Registering precompiled user dll's ...
Registered in 0.000919 seconds.
Begin MonoManager ReloadAssembly
Native extension for WindowsStandalone target not found
Native extension for WebGL target not found
Refreshing native plugins compatible for Editor in 0.23 ms, found 0 plugins.
Preloading 0 native plugins for Editor in 0.00 ms.
Mono: successfully reloaded assembly
- Completed reload, in  1.131 seconds
Platform modules already initialized, skipping
Refreshing native plugins compatible for Editor in 0.27 ms, found 0 plugins.
Preloading 0 native plugins for Editor in 0.00 ms.
Unloading 1110 Unused Serialized files (Serialized files now loaded: 0)
System memory in use before: 60.6 MB.
System memory in use after: 60.7 MB.

Unloading 5 unused Assets to reduce memory usage. Loaded Objects now: 1604.
Total: 2.090500 ms (FindLiveObjects: 0.158000 ms CreateObjectMapping: 0.038700 ms MarkObjects: 1.842200 ms  DeleteObjects: 0.050200 ms)

========================================================================
Received Import Request.
  Time since last request: 30.479791 seconds.
  path: Assets/Scenes
  artifactKey: Guid(39a2f6e3d1953d44ebdc9ad71ddd84cb) Importer(815301076,1909f56bfc062723c751e8b465ee728b)
Start importing Assets/Scenes using Guid(39a2f6e3d1953d44ebdc9ad71ddd84cb) Importer(815301076,1909f56bfc062723c751e8b465ee728b)  -> (artifact id: '9589478989b153def0cde576da8c81f1') in 0.012948 seconds
  Import took 0.018391 seconds .

========================================================================
Received Import Request.
  Time since last request: 0.005105 seconds.
  path: Assets/Scenes
  artifactKey: Guid(39a2f6e3d1953d44ebdc9ad71ddd84cb) Importer(815301076,1909f56bfc062723c751e8b465ee728b)
Start importing Assets/Scenes using Guid(39a2f6e3d1953d44ebdc9ad71ddd84cb) Importer(815301076,1909f56bfc062723c751e8b465ee728b)  -> (artifact id: '9589478989b153def0cde576da8c81f1') in 0.003707 seconds
  Import took 0.006397 seconds .

AssetImportWorkerClient::OnTransportError - code=2 error=End of file
