Using pre-set license
Built from '2020.3/staging' branch; Version is '2020.3.9f1 (108be757e447) revision 1084391'; Using compiler version '192528614'; Build Type 'Release'
OS: 'Windows 10 Home; OS build 19043.1165; Version 2009; 64bit' Language: 'en' Physical Memory: 16267 MB
BatchMode: 1, IsHumanControllingUs: 0, StartBugReporterOnCrash: 0, Is64bit: 1, IsPro: 0

 COMMAND LINE ARGUMENTS:
C:\Program Files\Unity\Hub\Editor\2020.3.9f1\Editor\Unity.exe
-adb2
-batchMode
-noUpm
-name
AssetImportWorker0
-projectPath
C:/Users/dawoo/Desktop/Unity Projects/ShaderCreation
-logFile
Logs/AssetImportWorker0.log
-srvPort
56606
Successfully changed project path to: C:/Users/dawoo/Desktop/Unity Projects/ShaderCreation
C:/Users/dawoo/Desktop/Unity Projects/ShaderCreation
Using Asset Import Pipeline V2.
Refreshing native plugins compatible for Editor in 33.26 ms, found 0 plugins.
Preloading 0 native plugins for Editor in 0.00 ms.
Initialize engine version: 2020.3.9f1 (108be757e447)
[Subsystems] Discovering subsystems at path C:/Program Files/Unity/Hub/Editor/2020.3.9f1/Editor/Data/Resources/UnitySubsystems
[Subsystems] Discovering subsystems at path C:/Users/dawoo/Desktop/Unity Projects/ShaderCreation/Assets
GfxDevice: creating device client; threaded=0
Direct3D:
    Version:  Direct3D 11.0 [level 11.1]
    Renderer: NVIDIA GeForce GTX 1060 (ID=0x1c20)
    Vendor:   
    VRAM:     6052 MB
    Driver:   30.0.14.7168
Initialize mono
Mono path[0] = 'C:/Program Files/Unity/Hub/Editor/2020.3.9f1/Editor/Data/Managed'
Mono path[1] = 'C:/Program Files/Unity/Hub/Editor/2020.3.9f1/Editor/Data/MonoBleedingEdge/lib/mono/unityjit'
Mono config path = 'C:/Program Files/Unity/Hub/Editor/2020.3.9f1/Editor/Data/MonoBleedingEdge/etc'
Using monoOptions --debugger-agent=transport=dt_socket,embedding=1,server=y,suspend=n,address=127.0.0.1:56564
Begin MonoManager ReloadAssembly
Registering precompiled unity dll's ...
Register platform support module: C:/Program Files/Unity/Hub/Editor/2020.3.9f1/Editor/Data/PlaybackEngines/WebGLSupport/UnityEditor.WebGL.Extensions.dll
Register platform support module: C:/Program Files/Unity/Hub/Editor/2020.3.9f1/Editor/Data/PlaybackEngines/WindowsStandaloneSupport/UnityEditor.WindowsStandalone.Extensions.dll
Registered in 0.003276 seconds.
Native extension for WindowsStandalone target not found
Native extension for WebGL target not found
Refreshing native plugins compatible for Editor in 31.28 ms, found 0 plugins.
Preloading 0 native plugins for Editor in 0.00 ms.
Mono: successfully reloaded assembly
- Completed reload, in  2.721 seconds
Platform modules already initialized, skipping
Registering precompiled user dll's ...
Registered in 0.000927 seconds.
Begin MonoManager ReloadAssembly
Native extension for WindowsStandalone target not found
Native extension for WebGL target not found
Refreshing native plugins compatible for Editor in 0.24 ms, found 0 plugins.
Preloading 0 native plugins for Editor in 0.00 ms.
Mono: successfully reloaded assembly
- Completed reload, in  1.137 seconds
Platform modules already initialized, skipping
========================================================================
Worker process is ready to serve import requests
Launched and connected shader compiler UnityShaderCompiler.exe after 0.05 seconds
Refreshing native plugins compatible for Editor in 0.23 ms, found 0 plugins.
Preloading 0 native plugins for Editor in 0.00 ms.
Unloading 1120 Unused Serialized files (Serialized files now loaded: 0)
System memory in use before: 58.2 MB.
System memory in use after: 58.2 MB.

Unloading 10 unused Assets to reduce memory usage. Loaded Objects now: 1564.
Total: 2.293700 ms (FindLiveObjects: 0.146100 ms CreateObjectMapping: 0.041700 ms MarkObjects: 2.005000 ms  DeleteObjects: 0.099800 ms)

========================================================================
Received Import Request.
  path: Assets/Fade_WithTexture.mat
  artifactKey: Guid(7d976d0551a694b48b8e3852586b00f6) Importer(815301076,1909f56bfc062723c751e8b465ee728b)
Start importing Assets/Fade_WithTexture.mat using Guid(7d976d0551a694b48b8e3852586b00f6) Importer(815301076,1909f56bfc062723c751e8b465ee728b)  -> (artifact id: 'ab9a60c38e661f670d78ed6b8739b745') in 0.155082 seconds
  Import took 0.157335 seconds .

========================================================================
Received Import Request.
  Time since last request: 100.907995 seconds.
  path: Assets/Fade.shader
  artifactKey: Guid(87f90a49b41776b4fa80c32ffdecda62) Importer(815301076,1909f56bfc062723c751e8b465ee728b)
Start importing Assets/Fade.shader using Guid(87f90a49b41776b4fa80c32ffdecda62) Importer(815301076,1909f56bfc062723c751e8b465ee728b)  -> (artifact id: '9478a4e1fdb6ed58dd5542c6555c1a72') in 0.018257 seconds
  Import took 0.025247 seconds .

========================================================================
Received Import Request.
  Time since last request: 0.040470 seconds.
  path: Assets/Fade.shader
  artifactKey: Guid(87f90a49b41776b4fa80c32ffdecda62) Importer(815301076,1909f56bfc062723c751e8b465ee728b)
Start importing Assets/Fade.shader using Guid(87f90a49b41776b4fa80c32ffdecda62) Importer(815301076,1909f56bfc062723c751e8b465ee728b)  -> (artifact id: '9478a4e1fdb6ed58dd5542c6555c1a72') in 0.004825 seconds
  Import took 0.008969 seconds .

========================================================================
Received Prepare
Registering precompiled user dll's ...
Registered in 0.001255 seconds.
Begin MonoManager ReloadAssembly
Native extension for WindowsStandalone target not found
Native extension for WebGL target not found
Refreshing native plugins compatible for Editor in 1.00 ms, found 0 plugins.
Preloading 0 native plugins for Editor in 0.00 ms.
Mono: successfully reloaded assembly
- Completed reload, in  2.607 seconds
Platform modules already initialized, skipping
Refreshing native plugins compatible for Editor in 0.60 ms, found 0 plugins.
Preloading 0 native plugins for Editor in 0.00 ms.
Unloading 1110 Unused Serialized files (Serialized files now loaded: 0)
System memory in use before: 60.9 MB.
System memory in use after: 61.0 MB.

Unloading 5 unused Assets to reduce memory usage. Loaded Objects now: 1607.
Total: 6.012000 ms (FindLiveObjects: 0.381200 ms CreateObjectMapping: 0.123500 ms MarkObjects: 5.338600 ms  DeleteObjects: 0.164300 ms)

========================================================================
Received Prepare
Registering precompiled user dll's ...
Registered in 0.001094 seconds.
Begin MonoManager ReloadAssembly
Native extension for WindowsStandalone target not found
Native extension for WebGL target not found
Refreshing native plugins compatible for Editor in 0.48 ms, found 0 plugins.
Preloading 0 native plugins for Editor in 0.00 ms.
Mono: successfully reloaded assembly
- Completed reload, in  1.088 seconds
Platform modules already initialized, skipping
Refreshing native plugins compatible for Editor in 0.27 ms, found 0 plugins.
Preloading 0 native plugins for Editor in 0.00 ms.
Unloading 1110 Unused Serialized files (Serialized files now loaded: 0)
System memory in use before: 60.9 MB.
System memory in use after: 61.0 MB.

Unloading 5 unused Assets to reduce memory usage. Loaded Objects now: 1610.
Total: 2.348100 ms (FindLiveObjects: 0.155100 ms CreateObjectMapping: 0.042200 ms MarkObjects: 2.096000 ms  DeleteObjects: 0.053700 ms)

========================================================================
Received Prepare
Registering precompiled user dll's ...
Registered in 0.000915 seconds.
Begin MonoManager ReloadAssembly
Native extension for WindowsStandalone target not found
Native extension for WebGL target not found
Refreshing native plugins compatible for Editor in 0.28 ms, found 0 plugins.
Preloading 0 native plugins for Editor in 0.00 ms.
Mono: successfully reloaded assembly
- Completed reload, in  1.164 seconds
Platform modules already initialized, skipping
Refreshing native plugins compatible for Editor in 0.24 ms, found 0 plugins.
Preloading 0 native plugins for Editor in 0.00 ms.
Unloading 1110 Unused Serialized files (Serialized files now loaded: 0)
System memory in use before: 61.0 MB.
System memory in use after: 61.0 MB.

Unloading 5 unused Assets to reduce memory usage. Loaded Objects now: 1613.
Total: 2.265200 ms (FindLiveObjects: 0.190800 ms CreateObjectMapping: 0.041800 ms MarkObjects: 1.969400 ms  DeleteObjects: 0.061900 ms)

AssetImportWorkerClient::OnTransportError - code=2 error=End of file
